<?xml version="1.0" encoding="UTF-8"?>
<testsuite xmlns:xsi="http://www.w3.org/2001/XMLSchema-instance" xsi:noNamespaceSchemaLocation="https://maven.apache.org/surefire/maven-surefire-plugin/xsd/surefire-test-report.xsd" version="3.0.1" name="model.dao.CategoryManagerTest" time="0.987" tests="23" errors="0" skipped="0" failures="0">
  <properties>
    <property name="java.specification.version" value="21"/>
    <property name="sun.cpu.isalist" value="amd64"/>
    <property name="sun.jnu.encoding" value="Cp1252"/>
    <property name="java.class.path" value="C:\Users\flyin\project\famney\target\test-classes;C:\Users\flyin\project\famney\target\classes;C:\Users\flyin\.m2\repository\junit\junit\4.13.2\junit-4.13.2.jar;C:\Users\flyin\.m2\repository\org\hamcrest\hamcrest-core\1.3\hamcrest-core-1.3.jar;C:\Users\flyin\.m2\repository\org\postgresql\postgresql\42.7.5\postgresql-42.7.5.jar;C:\Users\flyin\.m2\repository\org\checkerframework\checker-qual\3.48.3\checker-qual-3.48.3.jar;C:\Users\flyin\.m2\repository\org\xerial\sqlite-jdbc\3.49.1.0\sqlite-jdbc-3.49.1.0.jar;C:\Users\flyin\.m2\repository\jakarta\servlet\jakarta.servlet-api\6.1.0\jakarta.servlet-api-6.1.0.jar;C:\Users\flyin\.m2\repository\org\junit\jupiter\junit-jupiter-api\5.11.3\junit-jupiter-api-5.11.3.jar;C:\Users\flyin\.m2\repository\org\opentest4j\opentest4j\1.3.0\opentest4j-1.3.0.jar;C:\Users\flyin\.m2\repository\org\junit\platform\junit-platform-commons\1.11.3\junit-platform-commons-1.11.3.jar;C:\Users\flyin\.m2\repository\org\apiguardian\apiguardian-api\1.1.2\apiguardian-api-1.1.2.jar;C:\Users\flyin\.m2\repository\org\junit\jupiter\junit-jupiter-engine\5.11.3\junit-jupiter-engine-5.11.3.jar;C:\Users\flyin\.m2\repository\org\junit\platform\junit-platform-engine\1.11.3\junit-platform-engine-1.11.3.jar;C:\Users\flyin\.m2\repository\commons-codec\commons-codec\1.16.0\commons-codec-1.16.0.jar;"/>
    <property name="java.vm.vendor" value="Microsoft"/>
    <property name="sun.arch.data.model" value="64"/>
    <property name="user.variant" value=""/>
    <property name="java.vendor.url" value="https://www.microsoft.com"/>
    <property name="user.timezone" value="Australia/Sydney"/>
    <property name="os.name" value="Windows 11"/>
    <property name="java.vm.specification.version" value="21"/>
    <property name="sun.java.launcher" value="SUN_STANDARD"/>
    <property name="user.country" value="AU"/>
    <property name="sun.boot.library.path" value="C:\Program Files\Microsoft\jdk-21.0.4.7-hotspot\bin"/>
    <property name="sun.java.command" value="C:\Users\flyin\AppData\Local\Temp\surefire1063603823010165004\surefirebooter-20251017133901545_3.jar C:\Users\flyin\AppData\Local\Temp\surefire1063603823010165004 2025-10-17T13-39-01_169-jvmRun1 surefire-20251017133901545_1tmp surefire_0-20251017133901545_2tmp"/>
    <property name="jdk.debug" value="release"/>
    <property name="surefire.test.class.path" value="C:\Users\flyin\project\famney\target\test-classes;C:\Users\flyin\project\famney\target\classes;C:\Users\flyin\.m2\repository\junit\junit\4.13.2\junit-4.13.2.jar;C:\Users\flyin\.m2\repository\org\hamcrest\hamcrest-core\1.3\hamcrest-core-1.3.jar;C:\Users\flyin\.m2\repository\org\postgresql\postgresql\42.7.5\postgresql-42.7.5.jar;C:\Users\flyin\.m2\repository\org\checkerframework\checker-qual\3.48.3\checker-qual-3.48.3.jar;C:\Users\flyin\.m2\repository\org\xerial\sqlite-jdbc\3.49.1.0\sqlite-jdbc-3.49.1.0.jar;C:\Users\flyin\.m2\repository\jakarta\servlet\jakarta.servlet-api\6.1.0\jakarta.servlet-api-6.1.0.jar;C:\Users\flyin\.m2\repository\org\junit\jupiter\junit-jupiter-api\5.11.3\junit-jupiter-api-5.11.3.jar;C:\Users\flyin\.m2\repository\org\opentest4j\opentest4j\1.3.0\opentest4j-1.3.0.jar;C:\Users\flyin\.m2\repository\org\junit\platform\junit-platform-commons\1.11.3\junit-platform-commons-1.11.3.jar;C:\Users\flyin\.m2\repository\org\apiguardian\apiguardian-api\1.1.2\apiguardian-api-1.1.2.jar;C:\Users\flyin\.m2\repository\org\junit\jupiter\junit-jupiter-engine\5.11.3\junit-jupiter-engine-5.11.3.jar;C:\Users\flyin\.m2\repository\org\junit\platform\junit-platform-engine\1.11.3\junit-platform-engine-1.11.3.jar;C:\Users\flyin\.m2\repository\commons-codec\commons-codec\1.16.0\commons-codec-1.16.0.jar;"/>
    <property name="sun.cpu.endian" value="little"/>
    <property name="user.home" value="C:\Users\flyin"/>
    <property name="user.language" value="en"/>
    <property name="java.specification.vendor" value="Oracle Corporation"/>
    <property name="java.version.date" value="2024-07-16"/>
    <property name="java.home" value="C:\Program Files\Microsoft\jdk-21.0.4.7-hotspot"/>
    <property name="file.separator" value="\"/>
    <property name="basedir" value="C:\Users\flyin\project\famney"/>
    <property name="java.vm.compressedOopsMode" value="Zero based"/>
    <property name="line.separator" value="&#10;"/>
    <property name="java.vm.specification.vendor" value="Oracle Corporation"/>
    <property name="java.specification.name" value="Java Platform API Specification"/>
    <property name="surefire.real.class.path" value="C:\Users\flyin\AppData\Local\Temp\surefire1063603823010165004\surefirebooter-20251017133901545_3.jar"/>
    <property name="user.script" value=""/>
    <property name="sun.management.compiler" value="HotSpot 64-Bit Tiered Compilers"/>
    <property name="java.runtime.version" value="21.0.4+7-LTS"/>
    <property name="user.name" value="flyin"/>
    <property name="stdout.encoding" value="Cp1252"/>
    <property name="path.separator" value=";"/>
    <property name="os.version" value="10.0"/>
    <property name="java.runtime.name" value="OpenJDK Runtime Environment"/>
    <property name="file.encoding" value="UTF-8"/>
    <property name="java.vm.name" value="OpenJDK 64-Bit Server VM"/>
    <property name="java.vendor.version" value="Microsoft-9889606"/>
    <property name="localRepository" value="C:\Users\flyin\.m2\repository"/>
    <property name="java.vendor.url.bug" value="https://github.com/microsoft/openjdk/issues"/>
    <property name="java.io.tmpdir" value="C:\Users\flyin\AppData\Local\Temp\"/>
    <property name="java.version" value="21.0.4"/>
    <property name="user.dir" value="C:\Users\flyin\project\famney"/>
    <property name="os.arch" value="amd64"/>
    <property name="java.vm.specification.name" value="Java Virtual Machine Specification"/>
    <property name="sun.os.patch.level" value=""/>
    <property name="native.encoding" value="Cp1252"/>
    <property name="java.library.path" value="C:\Program Files\Microsoft\jdk-21.0.4.7-hotspot\bin;C:\WINDOWS\Sun\Java\bin;C:\WINDOWS\system32;C:\WINDOWS;C:\Program Files\Microsoft\jdk-21.0.4.7-hotspot\bin;C:\Program Files\Common Files\Oracle\Java\javapath;C:\Program Files (x86)\Common Files\Oracle\Java\java8path;C:\Program Files (x86)\Common Files\Oracle\Java\javapath;C:\Program Files\Java\jdk1.8.0_351;C:\WINDOWS\system32;C:\WINDOWS;C:\WINDOWS\System32\Wbem;C:\WINDOWS\System32\WindowsPowerShell\v1.0\;C:\WINDOWS\System32\OpenSSH\;C:\Program Files\dotnet\;C:\ProgramData\chocolatey\bin;C:\Program Files\Maven\apache-maven-3.9.9-bin\apache-maven-3.9.9\bin;C:\Program Files\CMake\bin;C:\Program Files\nodejs\;C:\Program Files\Git\cmd;C:\Program Files\Java\jdk-21\bin;C:\Users\flyin\AppData\Local\Microsoft\WindowsApps;C:\Users\flyin\AppData\Local\Programs\Microsoft VS Code\bin;C:\ProgramData\mingw64\mingw64\bin;C:\Users\flyin\AppData\Local\GitHubDesktop\bin;C:\Users\flyin\AppData\Roaming\npm;c:\Users\flyin\AppData\Roaming\Code\User\globalStorage\github.copilot-chat\debugCommand;."/>
    <property name="java.vm.info" value="mixed mode, sharing"/>
    <property name="stderr.encoding" value="Cp1252"/>
    <property name="java.vendor" value="Microsoft"/>
    <property name="java.vm.version" value="21.0.4+7-LTS"/>
    <property name="sun.io.unicode.encoding" value="UnicodeLittle"/>
    <property name="java.class.version" value="65.0"/>
  </properties>
  <testcase name="testCategoryNameExistsExcept" classname="model.dao.CategoryManagerTest" time="0.038"/>
  <testcase name="testFindByCategoryId_NotExists" classname="model.dao.CategoryManagerTest" time="0.004"/>
  <testcase name="testGetCustomCategoryCount" classname="model.dao.CategoryManagerTest" time="0.061"/>
  <testcase name="testGetFamilyCategories" classname="model.dao.CategoryManagerTest" time="0.012"/>
  <testcase name="testGetCategoryCountByType" classname="model.dao.CategoryManagerTest" time="0.033"/>
  <testcase name="testGetCategoryCount" classname="model.dao.CategoryManagerTest" time="0.032"/>
  <testcase name="testCreateCategory_DuplicateName" classname="model.dao.CategoryManagerTest" time="0.005"/>
  <testcase name="testDeleteCategory_CannotDeleteDefault" classname="model.dao.CategoryManagerTest" time="0.003"/>
  <testcase name="testCreateCategory_IncomeType" classname="model.dao.CategoryManagerTest" time="0.005"/>
  <testcase name="testCreateCategory_ExpenseType" classname="model.dao.CategoryManagerTest" time="0.004"/>
  <testcase name="testUpdateCategory" classname="model.dao.CategoryManagerTest" time="0.003"/>
  <testcase name="testCreateCategory_DateFormat" classname="model.dao.CategoryManagerTest" time="0.004"/>
  <testcase name="testFindByCategoryId_Exists" classname="model.dao.CategoryManagerTest" time="0.003"/>
  <testcase name="testGetCategoryCount_OnlyActiveCounted" classname="model.dao.CategoryManagerTest" time="0.023"/>
  <testcase name="testCategoryNameExists" classname="model.dao.CategoryManagerTest" time="0.005"/>
  <testcase name="testCreateCategory_SameNameDifferentFamily" classname="model.dao.CategoryManagerTest" time="0.027"/>
  <testcase name="testDeleteCategory" classname="model.dao.CategoryManagerTest" time="0.006"/>
  <testcase name="testUpdateCategory_CannotUpdateDefault" classname="model.dao.CategoryManagerTest" time="0.0"/>
  <testcase name="testCreateCategory_DefaultCategory" classname="model.dao.CategoryManagerTest" time="0.007"/>
  <testcase name="testFindByCategoryId_OnlyActive" classname="model.dao.CategoryManagerTest" time="0.0"/>
  <testcase name="testCreateCategory_Success" classname="model.dao.CategoryManagerTest" time="0.007"/>
  <testcase name="testGetCategoriesByType" classname="model.dao.CategoryManagerTest" time="0.041"/>
  <testcase name="testInitialiseFamilyDefaultCategories" classname="model.dao.CategoryManagerTest" time="0.14"/>
</testsuite>